[19/Nov/2025:09:30:34 -0300] 0:0:0:0:0:0:0:1 "GET / HTTP/1.1" 404 431 30663 ms
[19/Nov/2025:09:30:34 -0300] 0:0:0:0:0:0:0:1 "GET / HTTP/1.1" 404 431 324566 ms
[19/Nov/2025:09:30:37 -0300] 0:0:0:0:0:0:0:1 "GET / HTTP/1.1" 404 431 8188 ms
[19/Nov/2025:09:32:09 -0300] 0:0:0:0:0:0:0:1 "GET / HTTP/1.1" 404 431 24464 ms
[19/Nov/2025:09:32:11 -0300] 0:0:0:0:0:0:0:1 "GET / HTTP/1.1" 404 431 12261 ms
[19/Nov/2025:09:32:41 -0300] 0:0:0:0:0:0:0:1 "GET / HTTP/1.1" 200 22 252299 ms
[19/Nov/2025:09:34:20 -0300] 0:0:0:0:0:0:0:1 "GET / HTTP/1.1" 200 34063 47324 ms
[19/Nov/2025:09:34:20 -0300] 0:0:0:0:0:0:0:1 "GET /cdn-cgi/scripts/5c5dd728/cloudflare-static/email-decode.min.js HTTP/1.1" 404 284 177719 ms
[19/Nov/2025:09:34:30 -0300] 0:0:0:0:0:0:0:1 "GET /bg-calendario.jpg HTTP/1.1" 404 193 5224 ms
[19/Nov/2025:09:34:31 -0300] 0:0:0:0:0:0:0:1 "GET /favicon.png HTTP/1.1" 404 181 4805 ms
[19/Nov/2025:09:37:37 -0300] 0:0:0:0:0:0:0:1 "GET / HTTP/1.1" 200 33829 28435 ms
[19/Nov/2025:09:37:37 -0300] 0:0:0:0:0:0:0:1 "GET /cdn-cgi/scripts/5c5dd728/cloudflare-static/email-decode.min.js HTTP/1.1" 404 284 10706 ms
[19/Nov/2025:09:37:37 -0300] 0:0:0:0:0:0:0:1 "GET /images/bg-calendario.jpg HTTP/1.1" 404 207 6450 ms
[19/Nov/2025:09:37:42 -0300] 0:0:0:0:0:0:0:1 "GET / HTTP/1.1" 200 33829 14114 ms
[19/Nov/2025:09:37:42 -0300] 0:0:0:0:0:0:0:1 "GET /cdn-cgi/scripts/5c5dd728/cloudflare-static/email-decode.min.js HTTP/1.1" 404 284 7914 ms
[19/Nov/2025:09:37:42 -0300] 0:0:0:0:0:0:0:1 "GET /images/bg-calendario.jpg HTTP/1.1" 404 207 4983 ms
[19/Nov/2025:09:38:08 -0300] 0:0:0:0:0:0:0:1 "GET / HTTP/1.1" 200 33828 18827 ms
[19/Nov/2025:09:38:08 -0300] 0:0:0:0:0:0:0:1 "GET /cdn-cgi/scripts/5c5dd728/cloudflare-static/email-decode.min.js HTTP/1.1" 404 284 6925 ms
[19/Nov/2025:09:38:08 -0300] 0:0:0:0:0:0:0:1 "GET /images/bg-calendario.jpg HTTP/1.1" 404 207 4914 ms
[19/Nov/2025:09:38:09 -0300] 0:0:0:0:0:0:0:1 "GET / HTTP/1.1" 200 33828 11968 ms
[19/Nov/2025:09:38:09 -0300] 0:0:0:0:0:0:0:1 "GET /cdn-cgi/scripts/5c5dd728/cloudflare-static/email-decode.min.js HTTP/1.1" 404 284 3300 ms
[19/Nov/2025:09:38:09 -0300] 0:0:0:0:0:0:0:1 "GET /images/bg-calendario.jpg HTTP/1.1" 404 207 4524 ms
[19/Nov/2025:09:39:23 -0300] 0:0:0:0:0:0:0:1 "GET / HTTP/1.1" 200 33832 110456 ms
[19/Nov/2025:09:39:24 -0300] 0:0:0:0:0:0:0:1 "GET /cdn-cgi/scripts/5c5dd728/cloudflare-static/email-decode.min.js HTTP/1.1" 404 284 30868 ms
[19/Nov/2025:09:39:24 -0300] 0:0:0:0:0:0:0:1 "GET /@%7B/images/bg-calendario.jpg%7D HTTP/1.1" 404 223 142087 ms
[19/Nov/2025:09:40:40 -0300] 0:0:0:0:0:0:0:1 "GET / HTTP/1.1" 200 33835 79799 ms
[19/Nov/2025:09:40:40 -0300] 0:0:0:0:0:0:0:1 "GET /cdn-cgi/scripts/5c5dd728/cloudflare-static/email-decode.min.js HTTP/1.1" 404 284 5140 ms
[19/Nov/2025:09:42:25 -0300] 0:0:0:0:0:0:0:1 "GET / HTTP/1.1" 200 33845 413916 ms
[19/Nov/2025:09:42:25 -0300] 0:0:0:0:0:0:0:1 "GET /cdn-cgi/scripts/5c5dd728/cloudflare-static/email-decode.min.js HTTP/1.1" 404 284 36736 ms
[19/Nov/2025:09:42:25 -0300] 0:0:0:0:0:0:0:1 "GET /images/bg-calendario.jpg HTTP/1.1" 404 207 13557 ms
[19/Nov/2025:09:42:40 -0300] 0:0:0:0:0:0:0:1 "GET / HTTP/1.1" 200 33835 18211 ms
[19/Nov/2025:09:42:40 -0300] 0:0:0:0:0:0:0:1 "GET /cdn-cgi/scripts/5c5dd728/cloudflare-static/email-decode.min.js HTTP/1.1" 404 284 8308 ms
[19/Nov/2025:09:43:11 -0300] 0:0:0:0:0:0:0:1 "GET / HTTP/1.1" 200 33832 11693 ms
[19/Nov/2025:09:43:11 -0300] 0:0:0:0:0:0:0:1 "GET /cdn-cgi/scripts/5c5dd728/cloudflare-static/email-decode.min.js HTTP/1.1" 404 284 7141 ms
[19/Nov/2025:09:43:11 -0300] 0:0:0:0:0:0:0:1 "GET /@%7B/images/bg-calendario.jpg%7D HTTP/1.1" 404 223 11170 ms
[19/Nov/2025:09:45:14 -0300] 0:0:0:0:0:0:0:1 "GET / HTTP/1.1" 200 34094 183441 ms
[19/Nov/2025:09:45:14 -0300] 0:0:0:0:0:0:0:1 "GET /cdn-cgi/scripts/5c5dd728/cloudflare-static/email-decode.min.js HTTP/1.1" 404 284 29775 ms
[19/Nov/2025:09:45:14 -0300] 0:0:0:0:0:0:0:1 "GET /images/bg-calendario.jpg HTTP/1.1" 404 207 12301 ms
[19/Nov/2025:09:48:11 -0300] 0:0:0:0:0:0:0:1 "GET / HTTP/1.1" 200 33794 162412 ms
[19/Nov/2025:09:48:11 -0300] 0:0:0:0:0:0:0:1 "GET /cdn-cgi/scripts/5c5dd728/cloudflare-static/email-decode.min.js HTTP/1.1" 404 284 39177 ms
[19/Nov/2025:09:48:11 -0300] 0:0:0:0:0:0:0:1 "GET /images/bg-calendario.jpg HTTP/1.1" 404 207 25281 ms
[19/Nov/2025:09:49:16 -0300] 0:0:0:0:0:0:0:1 "GET / HTTP/1.1" 200 33794 27810 ms
[19/Nov/2025:09:49:16 -0300] 0:0:0:0:0:0:0:1 "GET /cdn-cgi/scripts/5c5dd728/cloudflare-static/email-decode.min.js HTTP/1.1" 404 284 9472 ms
[19/Nov/2025:09:49:16 -0300] 0:0:0:0:0:0:0:1 "GET /images/bg-calendario.jpg HTTP/1.1" 404 207 32095 ms
[19/Nov/2025:09:51:23 -0300] 0:0:0:0:0:0:0:1 "GET / HTTP/1.1" 200 33801 66399 ms
[19/Nov/2025:09:51:23 -0300] 0:0:0:0:0:0:0:1 "GET /cdn-cgi/scripts/5c5dd728/cloudflare-static/email-decode.min.js HTTP/1.1" 404 284 17254 ms
[19/Nov/2025:09:51:23 -0300] 0:0:0:0:0:0:0:1 "GET null HTTP/1.1" 400 435 294260 ms
[19/Nov/2025:09:52:09 -0300] 0:0:0:0:0:0:0:1 "GET / HTTP/1.1" 200 33799 39604 ms
[19/Nov/2025:09:52:09 -0300] 0:0:0:0:0:0:0:1 "GET /cdn-cgi/scripts/5c5dd728/cloudflare-static/email-decode.min.js HTTP/1.1" 404 284 10528 ms
[19/Nov/2025:09:52:09 -0300] 0:0:0:0:0:0:0:1 "GET null HTTP/1.1" 400 435 2777 ms
[19/Nov/2025:09:52:10 -0300] 0:0:0:0:0:0:0:1 "GET / HTTP/1.1" 200 33799 11733 ms
[19/Nov/2025:09:52:10 -0300] 0:0:0:0:0:0:0:1 "GET /cdn-cgi/scripts/5c5dd728/cloudflare-static/email-decode.min.js HTTP/1.1" 404 284 8607 ms
[19/Nov/2025:09:52:10 -0300] 0:0:0:0:0:0:0:1 "GET null HTTP/1.1" 400 435 1630 ms
[19/Nov/2025:09:53:25 -0300] 0:0:0:0:0:0:0:1 "GET / HTTP/1.1" 200 33798 18381 ms
[19/Nov/2025:09:53:26 -0300] 0:0:0:0:0:0:0:1 "GET /cdn-cgi/scripts/5c5dd728/cloudflare-static/email-decode.min.js HTTP/1.1" 404 284 6147 ms
[19/Nov/2025:09:53:26 -0300] 0:0:0:0:0:0:0:1 "GET /@%7B/images/bg-calendario.jpg%7D HTTP/1.1" 404 223 16221 ms
[19/Nov/2025:09:53:27 -0300] 0:0:0:0:0:0:0:1 "GET / HTTP/1.1" 200 33798 12702 ms
[19/Nov/2025:09:53:27 -0300] 0:0:0:0:0:0:0:1 "GET /cdn-cgi/scripts/5c5dd728/cloudflare-static/email-decode.min.js HTTP/1.1" 404 284 6779 ms
[19/Nov/2025:09:53:27 -0300] 0:0:0:0:0:0:0:1 "GET /@%7B/images/bg-calendario.jpg%7D HTTP/1.1" 404 223 10481 ms
[19/Nov/2025:09:53:42 -0300] 0:0:0:0:0:0:0:1 "GET / HTTP/1.1" 200 33801 27522 ms
[19/Nov/2025:09:53:42 -0300] 0:0:0:0:0:0:0:1 "GET /cdn-cgi/scripts/5c5dd728/cloudflare-static/email-decode.min.js HTTP/1.1" 404 284 8607 ms
[19/Nov/2025:09:54:39 -0300] 0:0:0:0:0:0:0:1 "GET / HTTP/1.1" 200 33793 19587 ms
[19/Nov/2025:09:54:39 -0300] 0:0:0:0:0:0:0:1 "GET /cdn-cgi/scripts/5c5dd728/cloudflare-static/email-decode.min.js HTTP/1.1" 404 284 5874 ms
[19/Nov/2025:09:54:39 -0300] 0:0:0:0:0:0:0:1 "GET /images/bg-calendario.jpg HTTP/1.1" 404 207 8298 ms
[19/Nov/2025:09:54:40 -0300] 0:0:0:0:0:0:0:1 "GET / HTTP/1.1" 200 33793 12662 ms
[19/Nov/2025:09:54:40 -0300] 0:0:0:0:0:0:0:1 "GET /cdn-cgi/scripts/5c5dd728/cloudflare-static/email-decode.min.js HTTP/1.1" 404 284 12332 ms
[19/Nov/2025:09:54:40 -0300] 0:0:0:0:0:0:0:1 "GET /images/bg-calendario.jpg HTTP/1.1" 404 207 7571 ms
[19/Nov/2025:09:55:02 -0300] 0:0:0:0:0:0:0:1 "GET / HTTP/1.1" 200 33793 299981 ms
[19/Nov/2025:09:55:02 -0300] 0:0:0:0:0:0:0:1 "GET /images/bg-calendario.jpg HTTP/1.1" 404 207 90010 ms
[19/Nov/2025:09:55:02 -0300] 0:0:0:0:0:0:0:1 "GET /cdn-cgi/scripts/5c5dd728/cloudflare-static/email-decode.min.js HTTP/1.1" 404 284 107927 ms
[19/Nov/2025:09:55:22 -0300] 0:0:0:0:0:0:0:1 "GET / HTTP/1.1" 500 455 58171 ms
[19/Nov/2025:09:56:11 -0300] 0:0:0:0:0:0:0:1 "GET / HTTP/1.1" 500 455 257795 ms
[19/Nov/2025:09:56:38 -0300] 0:0:0:0:0:0:0:1 "GET / HTTP/1.1" 200 33791 27908 ms
[19/Nov/2025:09:56:38 -0300] 0:0:0:0:0:0:0:1 "GET /images/bg-calendario.jpg HTTP/1.1" 404 207 154154 ms
[19/Nov/2025:09:56:38 -0300] 0:0:0:0:0:0:0:1 "GET /cdn-cgi/scripts/5c5dd728/cloudflare-static/email-decode.min.js HTTP/1.1" 404 284 168874 ms
[19/Nov/2025:09:58:20 -0300] 0:0:0:0:0:0:0:1 "GET / HTTP/1.1" 200 33791 240983 ms
[19/Nov/2025:09:58:20 -0300] 0:0:0:0:0:0:0:1 "GET /cdn-cgi/scripts/5c5dd728/cloudflare-static/email-decode.min.js HTTP/1.1" 404 284 96401 ms
[19/Nov/2025:09:58:20 -0300] 0:0:0:0:0:0:0:1 "GET /images/bg-calendario.jpg HTTP/1.1" 404 207 85314 ms
[19/Nov/2025:09:58:22 -0300] 0:0:0:0:0:0:0:1 "GET /images/bg-calendario.jpg HTTP/1.1" 404 431 21250 ms
[19/Nov/2025:09:58:29 -0300] 0:0:0:0:0:0:0:1 "GET /static/images/bg-calendario.jpg HTTP/1.1" 404 431 8946 ms
[19/Nov/2025:09:58:36 -0300] 0:0:0:0:0:0:0:1 "GET /images/bg-calendario.jpg HTTP/1.1" 404 431 8135 ms
[19/Nov/2025:09:59:59 -0300] 0:0:0:0:0:0:0:1 "GET /images/bg-calendario.jpg HTTP/1.1" 404 431 39363 ms
[19/Nov/2025:10:00:01 -0300] 0:0:0:0:0:0:0:1 "GET /images/bg-calendario.jpg HTTP/1.1" 404 431 7649 ms
[19/Nov/2025:10:01:09 -0300] 0:0:0:0:0:0:0:1 "GET /images/bg-calendario.jpg HTTP/1.1" 404 431 235151 ms
[19/Nov/2025:10:01:11 -0300] 0:0:0:0:0:0:0:1 "GET /images/bg-calendario.jpg HTTP/1.1" 404 431 8194 ms
[19/Nov/2025:10:01:19 -0300] 0:0:0:0:0:0:0:1 "GET /images HTTP/1.1" 404 431 9733 ms
[19/Nov/2025:10:01:22 -0300] 0:0:0:0:0:0:0:1 "GET / HTTP/1.1" 200 33791 62026 ms
[19/Nov/2025:10:01:22 -0300] 0:0:0:0:0:0:0:1 "GET /cdn-cgi/scripts/5c5dd728/cloudflare-static/email-decode.min.js HTTP/1.1" 404 284 71594 ms
[19/Nov/2025:10:01:22 -0300] 0:0:0:0:0:0:0:1 "GET /images/bg-calendario.jpg HTTP/1.1" 404 207 55360 ms
[19/Nov/2025:10:04:46 -0300] 0:0:0:0:0:0:0:1 "GET / HTTP/1.1" 200 33932 148092 ms
[19/Nov/2025:10:04:47 -0300] 0:0:0:0:0:0:0:1 "GET /cdn-cgi/scripts/5c5dd728/cloudflare-static/email-decode.min.js HTTP/1.1" 404 284 25185 ms
[19/Nov/2025:10:04:47 -0300] 0:0:0:0:0:0:0:1 "GET /images/bg-calendario.jpg HTTP/1.1" 404 207 14846 ms
[19/Nov/2025:10:05:28 -0300] 0:0:0:0:0:0:0:1 "GET / HTTP/1.1" 200 33925 16779 ms
[19/Nov/2025:10:05:28 -0300] 0:0:0:0:0:0:0:1 "GET /cdn-cgi/scripts/5c5dd728/cloudflare-static/email-decode.min.js HTTP/1.1" 404 284 5535 ms
[19/Nov/2025:10:05:28 -0300] 0:0:0:0:0:0:0:1 "GET /bg-calendario.jpg HTTP/1.1" 404 193 25285 ms
[19/Nov/2025:10:05:29 -0300] 0:0:0:0:0:0:0:1 "GET / HTTP/1.1" 200 33925 15507 ms
[19/Nov/2025:10:05:29 -0300] 0:0:0:0:0:0:0:1 "GET /cdn-cgi/scripts/5c5dd728/cloudflare-static/email-decode.min.js HTTP/1.1" 404 284 6780 ms
[19/Nov/2025:10:05:29 -0300] 0:0:0:0:0:0:0:1 "GET /bg-calendario.jpg HTTP/1.1" 404 193 6229 ms
[19/Nov/2025:10:05:30 -0300] 0:0:0:0:0:0:0:1 "GET / HTTP/1.1" 200 33925 8985 ms
[19/Nov/2025:10:05:30 -0300] 0:0:0:0:0:0:0:1 "GET /cdn-cgi/scripts/5c5dd728/cloudflare-static/email-decode.min.js HTTP/1.1" 404 284 3790 ms
[19/Nov/2025:10:05:30 -0300] 0:0:0:0:0:0:0:1 "GET /bg-calendario.jpg HTTP/1.1" 404 193 6075 ms
[19/Nov/2025:10:07:30 -0300] 0:0:0:0:0:0:0:1 "GET / HTTP/1.1" 200 33925 48209 ms
[19/Nov/2025:10:07:30 -0300] 0:0:0:0:0:0:0:1 "GET /cdn-cgi/scripts/5c5dd728/cloudflare-static/email-decode.min.js HTTP/1.1" 404 284 16516 ms
[19/Nov/2025:10:07:30 -0300] 0:0:0:0:0:0:0:1 "GET /bg-calendario.jpg HTTP/1.1" 404 193 5067 ms
[19/Nov/2025:10:07:31 -0300] 0:0:0:0:0:0:0:1 "GET /inscripciones/1 HTTP/1.1" 404 431 14425 ms
[19/Nov/2025:10:07:36 -0300] 0:0:0:0:0:0:0:1 "GET /images/ HTTP/1.1" 404 431 8177 ms
[19/Nov/2025:10:07:43 -0300] 0:0:0:0:0:0:0:1 "GET / HTTP/1.1" 200 33925 7657 ms
[19/Nov/2025:10:07:43 -0300] 0:0:0:0:0:0:0:1 "GET /cdn-cgi/scripts/5c5dd728/cloudflare-static/email-decode.min.js HTTP/1.1" 404 284 6200 ms
[19/Nov/2025:10:07:43 -0300] 0:0:0:0:0:0:0:1 "GET /bg-calendario.jpg HTTP/1.1" 404 193 5442 ms
[19/Nov/2025:10:08:01 -0300] 0:0:0:0:0:0:0:1 "GET / HTTP/1.1" 200 33932 46040 ms
[19/Nov/2025:10:08:01 -0300] 0:0:0:0:0:0:0:1 "GET /cdn-cgi/scripts/5c5dd728/cloudflare-static/email-decode.min.js HTTP/1.1" 404 284 7075 ms
[19/Nov/2025:10:08:01 -0300] 0:0:0:0:0:0:0:1 "GET /images/bg-calendario.jpg HTTP/1.1" 404 200 5183 ms
[19/Nov/2025:10:08:02 -0300] 0:0:0:0:0:0:0:1 "GET / HTTP/1.1" 200 33932 5774 ms
[19/Nov/2025:10:08:02 -0300] 0:0:0:0:0:0:0:1 "GET /cdn-cgi/scripts/5c5dd728/cloudflare-static/email-decode.min.js HTTP/1.1" 404 284 3892 ms
[19/Nov/2025:10:08:02 -0300] 0:0:0:0:0:0:0:1 "GET /images/bg-calendario.jpg HTTP/1.1" 404 200 3225 ms
[19/Nov/2025:10:08:13 -0300] 0:0:0:0:0:0:0:1 "GET / HTTP/1.1" 200 33932 6801 ms
[19/Nov/2025:10:08:13 -0300] 0:0:0:0:0:0:0:1 "GET /cdn-cgi/scripts/5c5dd728/cloudflare-static/email-decode.min.js HTTP/1.1" 404 284 5446 ms
[19/Nov/2025:10:08:13 -0300] 0:0:0:0:0:0:0:1 "GET /images/bg-calendario.jpg HTTP/1.1" 404 200 4417 ms
[19/Nov/2025:10:08:14 -0300] 0:0:0:0:0:0:0:1 "GET / HTTP/1.1" 200 33932 6919 ms
[19/Nov/2025:10:08:14 -0300] 0:0:0:0:0:0:0:1 "GET /cdn-cgi/scripts/5c5dd728/cloudflare-static/email-decode.min.js HTTP/1.1" 404 284 2503 ms
[19/Nov/2025:10:08:14 -0300] 0:0:0:0:0:0:0:1 "GET /images/bg-calendario.jpg HTTP/1.1" 404 200 4549 ms
[19/Nov/2025:10:10:04 -0300] 0:0:0:0:0:0:0:1 "GET / HTTP/1.1" 200 34005 403415 ms
[19/Nov/2025:10:10:05 -0300] 0:0:0:0:0:0:0:1 "GET /cdn-cgi/scripts/5c5dd728/cloudflare-static/email-decode.min.js HTTP/1.1" 404 284 10287 ms
[19/Nov/2025:10:10:05 -0300] 0:0:0:0:0:0:0:1 "GET /images/bg-calendario.jpg HTTP/1.1" 404 200 35303 ms
[19/Nov/2025:10:12:46 -0300] 0:0:0:0:0:0:0:1 "GET / HTTP/1.1" 200 34005 32885 ms
[19/Nov/2025:10:12:46 -0300] 0:0:0:0:0:0:0:1 "GET /cdn-cgi/scripts/5c5dd728/cloudflare-static/email-decode.min.js HTTP/1.1" 404 284 6888 ms
[19/Nov/2025:10:12:46 -0300] 0:0:0:0:0:0:0:1 "GET /images/bg-calendario.jpg HTTP/1.1" 404 200 3979 ms
[19/Nov/2025:10:13:12 -0300] 0:0:0:0:0:0:0:1 "GET / HTTP/1.1" 200 34005 26615 ms
[19/Nov/2025:10:13:12 -0300] 0:0:0:0:0:0:0:1 "GET /images/bg-calendario.jpg HTTP/1.1" 404 207 5717 ms
[19/Nov/2025:10:13:12 -0300] 0:0:0:0:0:0:0:1 "GET /cdn-cgi/scripts/5c5dd728/cloudflare-static/email-decode.min.js HTTP/1.1" 404 284 3485 ms
[19/Nov/2025:10:13:24 -0300] 0:0:0:0:0:0:0:1 "GET / HTTP/1.1" 200 33933 5048 ms
[19/Nov/2025:10:13:24 -0300] 0:0:0:0:0:0:0:1 "GET /cdn-cgi/scripts/5c5dd728/cloudflare-static/email-decode.min.js HTTP/1.1" 404 284 2976 ms
[19/Nov/2025:10:13:24 -0300] 0:0:0:0:0:0:0:1 "GET /images/bg-calendario.jpg HTTP/1.1" 404 207 3764 ms
[19/Nov/2025:10:14:11 -0300] 0:0:0:0:0:0:0:1 "GET / HTTP/1.1" 200 33933 230554 ms
[19/Nov/2025:10:14:11 -0300] 0:0:0:0:0:0:0:1 "GET /images/bg-calendario.jpg HTTP/1.1" 404 207 70809 ms
[19/Nov/2025:10:14:11 -0300] 0:0:0:0:0:0:0:1 "GET /cdn-cgi/scripts/5c5dd728/cloudflare-static/email-decode.min.js HTTP/1.1" 404 284 81092 ms
[19/Nov/2025:10:17:20 -0300] 0:0:0:0:0:0:0:1 "GET / HTTP/1.1" 200 34005 336257 ms
[19/Nov/2025:10:17:20 -0300] 0:0:0:0:0:0:0:1 "GET /images/bg-calendario.jpg HTTP/1.1" 404 207 19421 ms
[19/Nov/2025:10:17:20 -0300] 0:0:0:0:0:0:0:1 "GET /cdn-cgi/scripts/5c5dd728/cloudflare-static/email-decode.min.js HTTP/1.1" 404 284 6302 ms
[19/Nov/2025:10:18:01 -0300] 0:0:0:0:0:0:0:1 "GET / HTTP/1.1" 200 33998 27246 ms
[19/Nov/2025:10:18:01 -0300] 0:0:0:0:0:0:0:1 "GET /images/bg-calendario.jpg HTTP/1.1" 404 207 7367 ms
[19/Nov/2025:10:18:01 -0300] 0:0:0:0:0:0:0:1 "GET /cdn-cgi/scripts/5c5dd728/cloudflare-static/email-decode.min.js HTTP/1.1" 404 284 10598 ms
[19/Nov/2025:10:18:02 -0300] 0:0:0:0:0:0:0:1 "GET / HTTP/1.1" 200 33998 20961 ms
[19/Nov/2025:10:18:02 -0300] 0:0:0:0:0:0:0:1 "GET /cdn-cgi/scripts/5c5dd728/cloudflare-static/email-decode.min.js HTTP/1.1" 404 284 4855 ms
[19/Nov/2025:10:18:02 -0300] 0:0:0:0:0:0:0:1 "GET /images/bg-calendario.jpg HTTP/1.1" 404 207 6624 ms
[19/Nov/2025:10:18:10 -0300] 0:0:0:0:0:0:0:1 "GET / HTTP/1.1" 200 33998 13496 ms
[19/Nov/2025:10:18:10 -0300] 0:0:0:0:0:0:0:1 "GET /images/bg-calendario.jpg HTTP/1.1" 404 207 6724 ms
[19/Nov/2025:10:18:10 -0300] 0:0:0:0:0:0:0:1 "GET /cdn-cgi/scripts/5c5dd728/cloudflare-static/email-decode.min.js HTTP/1.1" 404 284 6839 ms
[19/Nov/2025:10:18:21 -0300] 0:0:0:0:0:0:0:1 "GET / HTTP/1.1" 200 33998 65303 ms
[19/Nov/2025:10:18:22 -0300] 0:0:0:0:0:0:0:1 "GET /cdn-cgi/scripts/5c5dd728/cloudflare-static/email-decode.min.js HTTP/1.1" 404 284 9674 ms
[19/Nov/2025:10:18:22 -0300] 0:0:0:0:0:0:0:1 "GET /images/bg-calendario.jpg HTTP/1.1" 404 207 10596 ms
[19/Nov/2025:10:18:22 -0300] 0:0:0:0:0:0:0:1 "GET /images/bg-calendario.jpg HTTP/1.1" 404 207 3937 ms
[19/Nov/2025:10:18:23 -0300] 0:0:0:0:0:0:0:1 "GET /favicon.png HTTP/1.1" 404 181 26624 ms
[19/Nov/2025:10:19:53 -0300] 0:0:0:0:0:0:0:1 "GET / HTTP/1.1" 200 33998 14550 ms
[19/Nov/2025:10:19:53 -0300] 0:0:0:0:0:0:0:1 "GET /cdn-cgi/scripts/5c5dd728/cloudflare-static/email-decode.min.js HTTP/1.1" 404 284 3824 ms
[19/Nov/2025:10:19:53 -0300] 0:0:0:0:0:0:0:1 "GET /images/bg-calendario.jpg HTTP/1.1" 200 38387 32142 ms
[19/Nov/2025:10:20:08 -0300] 0:0:0:0:0:0:0:1 "GET / HTTP/1.1" 200 33933 12331 ms
[19/Nov/2025:10:20:08 -0300] 0:0:0:0:0:0:0:1 "GET /cdn-cgi/scripts/5c5dd728/cloudflare-static/email-decode.min.js HTTP/1.1" 404 284 6782 ms
[19/Nov/2025:10:20:08 -0300] 0:0:0:0:0:0:0:1 "GET /images/bg-calendario.jpg HTTP/1.1" 200 38387 3540 ms
[19/Nov/2025:10:21:51 -0300] 0:0:0:0:0:0:0:1 "GET / HTTP/1.1" 200 33820 19066 ms
[19/Nov/2025:10:21:52 -0300] 0:0:0:0:0:0:0:1 "GET /images/bg-calendario.jpg HTTP/1.1" 200 38387 9817 ms
